\BOOKMARK [1][-]{chapter*.1}{Agradecimientos}{}% 1
\BOOKMARK [1][-]{chapter*.2}{Resumen}{}% 2
\BOOKMARK [1][-]{chapter*.5}{Lista de acr\363nimos}{}% 3
\BOOKMARK [0][-]{chapter.1}{Introducci\363n}{}% 4
\BOOKMARK [1][-]{section.1.1}{Objetivo General}{chapter.1}% 5
\BOOKMARK [1][-]{section.1.2}{Objetivos Espec\355ficos}{chapter.1}% 6
\BOOKMARK [0][-]{chapter.2}{V\363rtices \363pticos}{}% 7
\BOOKMARK [1][-]{section.2.1}{Introducci\363n}{chapter.2}% 8
\BOOKMARK [1][-]{section.2.2}{Definici\363n de v\363rtice \363ptico}{chapter.2}% 9
\BOOKMARK [1][-]{section.2.3}{Generaci\363n de v\363rtices \363pticos}{chapter.2}% 10
\BOOKMARK [1][-]{section.2.4}{Moduladores espaciales de luz basados en cristal l\355quido}{chapter.2}% 11
\BOOKMARK [2][-]{subsection.2.4.1}{Cristales l\355quidos como dispositivos \363pticos}{section.2.4}% 12
\BOOKMARK [1][-]{section.2.5}{Aberraciones en v\363rtices \363pticos}{chapter.2}% 13
\BOOKMARK [0][-]{chapter.3}{Diversidad de fase}{}% 14
\BOOKMARK [1][-]{section.3.1}{Introducci\363n}{chapter.3}% 15
\BOOKMARK [1][-]{section.3.2}{Diversidad de fase incoherente}{chapter.3}% 16
\BOOKMARK [1][-]{section.3.3}{Aberraciones \363pticas}{chapter.3}% 17
\BOOKMARK [2][-]{subsection.3.3.1}{Ortogonalidad y composici\363n de los polinomios de Zernike}{section.3.3}% 18
\BOOKMARK [1][-]{section.3.4}{Diversidad de fase coherente}{chapter.3}% 19
\BOOKMARK [1][-]{section.3.5}{Modificaciones propuestas para diversidad de fase coherente}{chapter.3}% 20
\BOOKMARK [0][-]{chapter.4}{Implementaciones experimentales}{}% 21
\BOOKMARK [1][-]{section.4.1}{Caracterizaci\363n del modulador espacial de luz}{chapter.4}% 22
\BOOKMARK [1][-]{section.4.2}{Montaje experimental}{chapter.4}% 23
\BOOKMARK [0][-]{chapter.5}{Resultados}{}% 24
\BOOKMARK [1][-]{section.5.1}{Caracterizaci\363n de modulador espacial de luz LC-2002}{chapter.5}% 25
\BOOKMARK [1][-]{section.5.2}{V\363rtices \363pticos experimentales}{chapter.5}% 26
\BOOKMARK [1][-]{section.5.3}{Simulaci\363n de v\363rtices \363pticos con curva de modulaci\363n experimental}{chapter.5}% 27
\BOOKMARK [1][-]{section.5.4}{Correcci\363n de aberraciones empleando diversidad de fase coherente}{chapter.5}% 28
\BOOKMARK [1][-]{section.5.5}{Diversidad de fase como sensor de aberraciones por modulaci\363n}{chapter.5}% 29
\BOOKMARK [1][-]{section.5.6}{Diversidad de fase como sensor de aberraciones del sistema \363ptico}{chapter.5}% 30
\BOOKMARK [0][-]{chapter.6}{Conclusiones y trabajo futuro}{}% 31
\BOOKMARK [0][-]{chapter.6}{Referencias}{}% 32
